<?xml version="1.0" encoding="UTF-8"?>
<!-- Generated by org.testng.reporters.JUnitReportReporter -->
<testsuite hostname="LAPTOP-NOVJUDVT" failures="0" tests="4" name="demo.CapstoneApi" time="5.171" errors="0" timestamp="2023-04-12T18:04:20 EDT" skipped="0">
  <testcase classname="demo.CapstoneApi" name="createUser" time="2.713"/>
  <system-out/>
  <testcase classname="demo.CapstoneApi" name="verifyUser" time="0.941"/>
  <system-out/>
  <testcase classname="demo.CapstoneApi" name="updateRespurce" time="0.499"/>
  <system-out/>
  <testcase classname="demo.CapstoneApi" name="deleteUser" time="1.018"/>
  <system-out/>
</testsuite> <!-- demo.CapstoneApi -->
